<?xml version="1.0" encoding="utf-8"?><testsuites><testsuite name="pytest" errors="0" failures="0" skipped="0" tests="1" time="9.279" timestamp="2025-05-14T13:15:28.715139+05:30" hostname="Saranya"><testcase classname="tests.test_search.TestSearch" name="test_search_for_valid_product" time="9.215" /></testsuite></testsuites>